2015-11-10 15:26:56 10fc InnoDB: Warning: Using innodb_additional_mem_pool_size is DEPRECATED. This option may be removed in future releases, together with the option innodb_use_sys_malloc and with the InnoDB's internal memory allocator.
2015-11-10 15:26:56 4348 [Note] InnoDB: Using mutexes to ref count buffer pool pages
2015-11-10 15:26:56 4348 [Note] InnoDB: The InnoDB memory heap is disabled
2015-11-10 15:26:56 4348 [Note] InnoDB: Mutexes and rw_locks use Windows interlocked functions
2015-11-10 15:26:56 4348 [Note] InnoDB: Memory barrier is not used
2015-11-10 15:26:56 4348 [Note] InnoDB: Compressed tables use zlib 1.2.3
2015-11-10 15:26:56 4348 [Note] InnoDB: Not using CPU crc32 instructions
2015-11-10 15:26:56 4348 [Note] InnoDB: Initializing buffer pool, size = 16.0M
2015-11-10 15:26:56 4348 [Note] InnoDB: Completed initialization of buffer pool
2015-11-10 15:26:56 4348 [Note] InnoDB: Highest supported file format is Barracuda.
2015-11-10 15:26:57 4348 [Note] InnoDB: 128 rollback segment(s) are active.
2015-11-10 15:26:57 4348 [Note] InnoDB: Waiting for purge to start
2015-11-10 15:26:57 4348 [Note] InnoDB:  Percona XtraDB (http://www.percona.com) 5.6.26-74.0 started; log sequence number 1835027
2015-11-10 15:26:57 6140 [Note] InnoDB: Dumping buffer pool(s) not yet started
2015-11-10 15:26:57 4348 [Note] Plugin 'FEEDBACK' is disabled.
2015-11-10 15:26:57 4348 [Note] Server socket created on IP: '::'.
2015-11-10 15:26:57 4348 [Note] Event Scheduler: Loaded 0 events
2015-11-10 15:26:57 4348 [Note] C:\xampp\mysql\bin\mysqld.exe: ready for connections.
Version: '10.1.8-MariaDB'  socket: ''  port: 3306  mariadb.org binary distribution
2015-11-10 15:27:11 5152 [Note] C:\xampp\mysql\bin\mysqld.exe: Normal shutdown

2015-11-10 15:27:11 5152 [Note] Event Scheduler: Purging the queue. 0 events
2015-11-10 15:27:11 5732 [Note] InnoDB: FTS optimize thread exiting.
2015-11-10 15:27:11 5152 [Note] InnoDB: Starting shutdown...
2015-11-10 15:27:13 5152 [Note] InnoDB: Shutdown completed; log sequence number 1835037
2015-11-10 15:27:13 5152 [Note] C:\xampp\mysql\bin\mysqld.exe: Shutdown complete

2018-09-01 20:42:36 246c InnoDB: Warning: Using innodb_additional_mem_pool_size is DEPRECATED. This option may be removed in future releases, together with the option innodb_use_sys_malloc and with the InnoDB's internal memory allocator.
2018-09-01 20:42:36 9324 [Note] InnoDB: innodb_empty_free_list_algorithm has been changed to legacy because of small buffer pool size. In order to use backoff, increase buffer pool at least up to 20MB.

2018-09-01 20:42:36 9324 [Note] InnoDB: Using mutexes to ref count buffer pool pages
2018-09-01 20:42:36 9324 [Note] InnoDB: The InnoDB memory heap is disabled
2018-09-01 20:42:36 9324 [Note] InnoDB: Mutexes and rw_locks use Windows interlocked functions
2018-09-01 20:42:36 9324 [Note] InnoDB: _mm_lfence() and _mm_sfence() are used for memory barrier
2018-09-01 20:42:36 9324 [Note] InnoDB: Compressed tables use zlib 1.2.3
2018-09-01 20:42:36 9324 [Note] InnoDB: Using generic crc32 instructions
2018-09-01 20:42:36 9324 [Note] InnoDB: Initializing buffer pool, size = 16.0M
2018-09-01 20:42:36 9324 [Note] InnoDB: Completed initialization of buffer pool
2018-09-01 20:42:36 9324 [Note] InnoDB: Highest supported file format is Barracuda.
2018-09-01 20:42:36 9324 [Note] InnoDB: 128 rollback segment(s) are active.
2018-09-01 20:42:36 9324 [Note] InnoDB: Waiting for purge to start
2018-09-01 20:42:36 9324 [Note] InnoDB:  Percona XtraDB (http://www.percona.com) 5.6.39-83.1 started; log sequence number 1835037
2018-09-01 20:42:36 9324 [Note] Plugin 'FEEDBACK' is disabled.
2018-09-01 20:42:36 9508 [Note] InnoDB: Dumping buffer pool(s) not yet started
2018-09-01 20:42:36 9324 [Note] Server socket created on IP: '::'.
2018-09-01 20:42:36 9324 [Note] c:\xampp\mysql\bin\mysqld.exe: ready for connections.
Version: '10.1.35-MariaDB'  socket: ''  port: 3306  mariadb.org binary distribution
2018-09-01 23:11:34 1f0c InnoDB: Warning: Using innodb_additional_mem_pool_size is DEPRECATED. This option may be removed in future releases, together with the option innodb_use_sys_malloc and with the InnoDB's internal memory allocator.
2018-09-01 23:11:34 7948 [Note] InnoDB: innodb_empty_free_list_algorithm has been changed to legacy because of small buffer pool size. In order to use backoff, increase buffer pool at least up to 20MB.

2018-09-01 23:11:34 7948 [Note] InnoDB: Using mutexes to ref count buffer pool pages
2018-09-01 23:11:34 7948 [Note] InnoDB: The InnoDB memory heap is disabled
2018-09-01 23:11:34 7948 [Note] InnoDB: Mutexes and rw_locks use Windows interlocked functions
2018-09-01 23:11:34 7948 [Note] InnoDB: _mm_lfence() and _mm_sfence() are used for memory barrier
2018-09-01 23:11:34 7948 [Note] InnoDB: Compressed tables use zlib 1.2.3
2018-09-01 23:11:34 7948 [Note] InnoDB: Using generic crc32 instructions
2018-09-01 23:11:34 7948 [Note] InnoDB: Initializing buffer pool, size = 16.0M
2018-09-01 23:11:34 7948 [Note] InnoDB: Completed initialization of buffer pool
2018-09-01 23:11:35 7948 [Note] InnoDB: Highest supported file format is Barracuda.
2018-09-01 23:11:35 7948 [Note] InnoDB: The log sequence number 1835037 in ibdata file do not match the log sequence number 1837151 in the ib_logfiles!
2018-09-01 23:11:37 7948 [Note] InnoDB: Restoring possible half-written data pages from the doublewrite buffer...
2018-09-01 23:11:37 7948 [Note] InnoDB: 128 rollback segment(s) are active.
2018-09-01 23:11:37 7948 [Note] InnoDB: Waiting for purge to start
2018-09-01 23:11:37 7948 [Note] InnoDB:  Percona XtraDB (http://www.percona.com) 5.6.39-83.1 started; log sequence number 1837151
2018-09-01 23:11:37 5136 [Note] InnoDB: Dumping buffer pool(s) not yet started
2018-09-01 23:11:37 7948 [Note] Plugin 'FEEDBACK' is disabled.
2018-09-01 23:11:37 7948 [Note] Server socket created on IP: '::'.
2018-09-01 23:11:39 7948 [Note] c:\xampp\mysql\bin\mysqld.exe: ready for connections.
Version: '10.1.35-MariaDB'  socket: ''  port: 3306  mariadb.org binary distribution
2018-09-02 07:38:49 25c InnoDB: Warning: Using innodb_additional_mem_pool_size is DEPRECATED. This option may be removed in future releases, together with the option innodb_use_sys_malloc and with the InnoDB's internal memory allocator.
2018-09-02  7:38:49 604 [Note] InnoDB: innodb_empty_free_list_algorithm has been changed to legacy because of small buffer pool size. In order to use backoff, increase buffer pool at least up to 20MB.

2018-09-02  7:38:49 604 [Note] InnoDB: Using mutexes to ref count buffer pool pages
2018-09-02  7:38:49 604 [Note] InnoDB: The InnoDB memory heap is disabled
2018-09-02  7:38:49 604 [Note] InnoDB: Mutexes and rw_locks use Windows interlocked functions
2018-09-02  7:38:49 604 [Note] InnoDB: _mm_lfence() and _mm_sfence() are used for memory barrier
2018-09-02  7:38:49 604 [Note] InnoDB: Compressed tables use zlib 1.2.3
2018-09-02  7:38:49 604 [Note] InnoDB: Using generic crc32 instructions
2018-09-02  7:38:49 604 [Note] InnoDB: Initializing buffer pool, size = 16.0M
2018-09-02  7:38:49 604 [Note] InnoDB: Completed initialization of buffer pool
2018-09-02  7:38:49 604 [Note] InnoDB: Highest supported file format is Barracuda.
2018-09-02  7:38:49 604 [Note] InnoDB: The log sequence number 1835037 in ibdata file do not match the log sequence number 1837161 in the ib_logfiles!
2018-09-02  7:38:49 604 [Note] InnoDB: Restoring possible half-written data pages from the doublewrite buffer...
2018-09-02  7:38:50 604 [Note] InnoDB: 128 rollback segment(s) are active.
2018-09-02  7:38:50 604 [Note] InnoDB: Waiting for purge to start
2018-09-02  7:38:50 604 [Note] InnoDB:  Percona XtraDB (http://www.percona.com) 5.6.39-83.1 started; log sequence number 1837161
2018-09-02  7:38:50 4464 [Note] InnoDB: Dumping buffer pool(s) not yet started
2018-09-02  7:38:50 604 [Note] Plugin 'FEEDBACK' is disabled.
2018-09-02  7:38:50 604 [Note] Server socket created on IP: '::'.
2018-09-02  7:38:50 604 [Note] c:\xampp\mysql\bin\mysqld.exe: ready for connections.
Version: '10.1.35-MariaDB'  socket: ''  port: 3306  mariadb.org binary distribution
2018-09-02 10:03:20 984 InnoDB: Warning: Using innodb_additional_mem_pool_size is DEPRECATED. This option may be removed in future releases, together with the option innodb_use_sys_malloc and with the InnoDB's internal memory allocator.
2018-09-02 10:03:20 2436 [Note] InnoDB: innodb_empty_free_list_algorithm has been changed to legacy because of small buffer pool size. In order to use backoff, increase buffer pool at least up to 20MB.

2018-09-02 10:03:20 2436 [Note] InnoDB: Using mutexes to ref count buffer pool pages
2018-09-02 10:03:20 2436 [Note] InnoDB: The InnoDB memory heap is disabled
2018-09-02 10:03:20 2436 [Note] InnoDB: Mutexes and rw_locks use Windows interlocked functions
2018-09-02 10:03:20 2436 [Note] InnoDB: _mm_lfence() and _mm_sfence() are used for memory barrier
2018-09-02 10:03:20 2436 [Note] InnoDB: Compressed tables use zlib 1.2.3
2018-09-02 10:03:20 2436 [Note] InnoDB: Using generic crc32 instructions
2018-09-02 10:03:20 2436 [Note] InnoDB: Initializing buffer pool, size = 16.0M
2018-09-02 10:03:20 2436 [Note] InnoDB: Completed initialization of buffer pool
2018-09-02 10:03:20 2436 [Note] InnoDB: Highest supported file format is Barracuda.
2018-09-02 10:03:20 2436 [Note] InnoDB: The log sequence number 1835037 in ibdata file do not match the log sequence number 1852390 in the ib_logfiles!
2018-09-02 10:03:20 2436 [Note] InnoDB: Restoring possible half-written data pages from the doublewrite buffer...
2018-09-02 10:03:21 2436 [Note] InnoDB: 128 rollback segment(s) are active.
2018-09-02 10:03:21 2436 [Note] InnoDB: Waiting for purge to start
2018-09-02 10:03:21 2436 [Note] InnoDB:  Percona XtraDB (http://www.percona.com) 5.6.39-83.1 started; log sequence number 1852390
2018-09-02 10:03:21 3908 [Note] InnoDB: Dumping buffer pool(s) not yet started
2018-09-02 10:03:21 2436 [Note] Plugin 'FEEDBACK' is disabled.
2018-09-02 10:03:21 2436 [Note] Server socket created on IP: '::'.
2018-09-02 10:03:21 2436 [Note] c:\xampp\mysql\bin\mysqld.exe: ready for connections.
Version: '10.1.35-MariaDB'  socket: ''  port: 3306  mariadb.org binary distribution
2018-09-02 21:36:26 1da8 InnoDB: Warning: Using innodb_additional_mem_pool_size is DEPRECATED. This option may be removed in future releases, together with the option innodb_use_sys_malloc and with the InnoDB's internal memory allocator.
2018-09-02 21:36:26 7592 [Note] InnoDB: innodb_empty_free_list_algorithm has been changed to legacy because of small buffer pool size. In order to use backoff, increase buffer pool at least up to 20MB.

2018-09-02 21:36:26 7592 [Note] InnoDB: Using mutexes to ref count buffer pool pages
2018-09-02 21:36:26 7592 [Note] InnoDB: The InnoDB memory heap is disabled
2018-09-02 21:36:26 7592 [Note] InnoDB: Mutexes and rw_locks use Windows interlocked functions
2018-09-02 21:36:26 7592 [Note] InnoDB: _mm_lfence() and _mm_sfence() are used for memory barrier
2018-09-02 21:36:26 7592 [Note] InnoDB: Compressed tables use zlib 1.2.3
2018-09-02 21:36:26 7592 [Note] InnoDB: Using generic crc32 instructions
2018-09-02 21:36:26 7592 [Note] InnoDB: Initializing buffer pool, size = 16.0M
2018-09-02 21:36:26 7592 [Note] InnoDB: Completed initialization of buffer pool
2018-09-02 21:36:26 7592 [Note] InnoDB: Highest supported file format is Barracuda.
2018-09-02 21:36:26 7592 [Note] InnoDB: The log sequence number 1835037 in ibdata file do not match the log sequence number 1853362 in the ib_logfiles!
2018-09-02 21:36:27 7592 [Note] InnoDB: Restoring possible half-written data pages from the doublewrite buffer...
2018-09-02 21:36:27 7592 [Note] InnoDB: 128 rollback segment(s) are active.
2018-09-02 21:36:27 7592 [Note] InnoDB: Waiting for purge to start
2018-09-02 21:36:27 7592 [Note] InnoDB:  Percona XtraDB (http://www.percona.com) 5.6.39-83.1 started; log sequence number 1853362
2018-09-02 21:36:27 9836 [Note] InnoDB: Dumping buffer pool(s) not yet started
2018-09-02 21:36:27 7592 [Note] Plugin 'FEEDBACK' is disabled.
2018-09-02 21:36:27 7592 [Note] Server socket created on IP: '::'.
2018-09-02 21:36:28 7592 [Note] c:\xampp\mysql\bin\mysqld.exe: ready for connections.
Version: '10.1.35-MariaDB'  socket: ''  port: 3306  mariadb.org binary distribution
